<?xml version="1.0" encoding="UTF-8"?>
<testng-results ignored="0" total="1" passed="1" failed="0" skipped="0">
  <reporter-output>
  </reporter-output>
  <suite started-at="2023-09-11T11:48:46 EDT" name="Default suite" finished-at="2023-09-11T11:48:55 EDT" duration-ms="8785">
    <groups>
      <group name="cucumber">
        <method signature="AbstractTestNGCucumberTests.feature(cucumber.api.testng.CucumberFeatureWrapper)[pri:0, instance:test_package.testclass@7fd50002]" name="feature" class="cucumber.api.testng.AbstractTestNGCucumberTests"/>
      </group> <!-- cucumber -->
    </groups>
    <test started-at="2023-09-11T11:48:46 EDT" name="Default test" finished-at="2023-09-11T11:48:55 EDT" duration-ms="8785">
      <class name="test_package.testclass">
        <test-method is-config="true" signature="setUpClass()[pri:0, instance:test_package.testclass@7fd50002]" started-at="2023-09-11T11:48:46 EDT" name="setUpClass" finished-at="2023-09-11T11:48:46 EDT" duration-ms="173" status="PASS">
          <reporter-output>
          </reporter-output>
        </test-method> <!-- setUpClass -->
        <test-method signature="feature(cucumber.api.testng.CucumberFeatureWrapper)[pri:0, instance:test_package.testclass@7fd50002]" started-at="2023-09-11T11:48:46 EDT" name="feature" description="Runs Cucumber Feature" data-provider="features" finished-at="2023-09-11T11:48:55 EDT" duration-ms="8479" status="PASS">
          <params>
            <param index="0">
              <value>
                <![CDATA[It is Dropdown and select , search functionality]]>
              </value>
            </param>
          </params>
          <reporter-output>
          </reporter-output>
        </test-method> <!-- feature -->
        <test-method is-config="true" signature="tearDownClass()[pri:0, instance:test_package.testclass@7fd50002]" started-at="2023-09-11T11:48:55 EDT" name="tearDownClass" finished-at="2023-09-11T11:48:55 EDT" duration-ms="23" status="PASS">
          <reporter-output>
          </reporter-output>
        </test-method> <!-- tearDownClass -->
      </class> <!-- test_package.testclass -->
    </test> <!-- Default test -->
  </suite> <!-- Default suite -->
</testng-results>
